<?xml version="1.0" encoding="UTF-8"?>
<!-- Generated by org.testng.reporters.JUnitReportReporter -->
<testsuite skipped="0" hostname="Suas-PC" name="Restdemo1" tests="1" failures="0" timestamp="10 Dec 2017 19:15:13 GMT" time="1.472" errors="0">
  <testcase name="GetCategoriesDetails" time="1.472" classname="Restdemo1"/>
</testsuite> <!-- Restdemo1 -->
